<?xml version="1.0" encoding="UTF-8"?>
<testng-results ignored="0" total="2" passed="2" failed="0" skipped="0">
  <reporter-output>
  </reporter-output>
  <suite started-at="2024-04-20T11:47:37 IST" name="EndToEnd" finished-at="2024-04-20T11:48:18 IST" duration-ms="41215">
    <groups>
    </groups>
    <test started-at="2024-04-20T11:47:37 IST" name="Regression" finished-at="2024-04-20T11:48:18 IST" duration-ms="41215">
      <class name="testcases.End_To_End">
        <test-method is-config="true" signature="launch_The_WebSite()[pri:0, instance:testcases.End_To_End@1ed6388a]" started-at="2024-04-20T11:47:37 IST" name="launch_The_WebSite" finished-at="2024-04-20T11:47:48 IST" duration-ms="10592" status="PASS">
          <reporter-output>
          </reporter-output>
        </test-method> <!-- launch_The_WebSite -->
        <test-method signature="end_To_End(java.lang.String,java.lang.String,java.lang.String)[pri:0, instance:testcases.End_To_End@1ed6388a]" started-at="2024-04-20T11:47:48 IST" name="end_To_End" data-provider="login_details" finished-at="2024-04-20T11:48:01 IST" duration-ms="13002" status="PASS">
          <params>
            <param index="0">
              <value>
                <![CDATA[spyderman@gmail.com]]>
              </value>
            </param>
            <param index="1">
              <value>
                <![CDATA[Webshooter@1]]>
              </value>
            </param>
            <param index="2">
              <value>
                <![CDATA[ZARA]]>
              </value>
            </param>
          </params>
          <reporter-output>
          </reporter-output>
        </test-method> <!-- end_To_End -->
        <test-method is-config="true" signature="quitTheDriver()[pri:0, instance:testcases.End_To_End@1ed6388a]" started-at="2024-04-20T11:48:01 IST" name="quitTheDriver" finished-at="2024-04-20T11:48:01 IST" duration-ms="314" status="PASS">
          <reporter-output>
          </reporter-output>
        </test-method> <!-- quitTheDriver -->
        <test-method is-config="true" signature="launch_The_WebSite()[pri:0, instance:testcases.End_To_End@1ed6388a]" started-at="2024-04-20T11:48:01 IST" name="launch_The_WebSite" finished-at="2024-04-20T11:48:04 IST" duration-ms="2690" status="PASS">
          <reporter-output>
          </reporter-output>
        </test-method> <!-- launch_The_WebSite -->
        <test-method signature="end_To_End(java.lang.String,java.lang.String,java.lang.String)[pri:0, instance:testcases.End_To_End@1ed6388a]" started-at="2024-04-20T11:48:04 IST" name="end_To_End" data-provider="login_details" finished-at="2024-04-20T11:48:18 IST" duration-ms="13648" status="PASS">
          <params>
            <param index="0">
              <value>
                <![CDATA[robert@gmail.com]]>
              </value>
            </param>
            <param index="1">
              <value>
                <![CDATA[Robert@123]]>
              </value>
            </param>
            <param index="2">
              <value>
                <![CDATA[IPHONE]]>
              </value>
            </param>
          </params>
          <reporter-output>
          </reporter-output>
        </test-method> <!-- end_To_End -->
        <test-method is-config="true" signature="quitTheDriver()[pri:0, instance:testcases.End_To_End@1ed6388a]" started-at="2024-04-20T11:48:18 IST" name="quitTheDriver" finished-at="2024-04-20T11:48:18 IST" duration-ms="295" status="PASS">
          <reporter-output>
          </reporter-output>
        </test-method> <!-- quitTheDriver -->
      </class> <!-- testcases.End_To_End -->
    </test> <!-- Regression -->
  </suite> <!-- EndToEnd -->
</testng-results>
